<?xml version="1.0" encoding="UTF-8"?>
<testng-results skipped="0" failed="0" total="1" passed="1">
  <reporter-output>
  </reporter-output>
  <suite name="Default suite" duration-ms="131" started-at="2014-11-22T18:03:53Z" finished-at="2014-11-22T18:03:53Z">
    <groups>
    </groups>
    <test name="Default test" duration-ms="131" started-at="2014-11-22T18:03:53Z" finished-at="2014-11-22T18:03:53Z">
      <class name="foosballTests.BallySpeedResetToZero">
        <test-method status="PASS" signature="ballySpeedResetToZero()[pri:0, instance:foosballTests.BallySpeedResetToZero@46f5f779]" name="ballySpeedResetToZero" duration-ms="119" started-at="2014-11-22T23:33:53Z" finished-at="2014-11-22T23:33:53Z">
          <reporter-output>
          </reporter-output>
        </test-method> <!-- ballySpeedResetToZero -->
      </class> <!-- foosballTests.BallySpeedResetToZero -->
    </test> <!-- Default test -->
  </suite> <!-- Default suite -->
</testng-results>
